<?xml version="1.0" encoding="UTF-8"?>
<!-- Generated by org.testng.reporters.JUnitReportReporter -->
<testsuite skipped="0" hostname="Gaurav-PC" name="googleDemo.tests.ImagePageTest" tests="1" failures="0" timestamp="28 Oct 2018 13:12:10 GMT" time="27.418" errors="0">
  <testcase name="validateImagePage" time="27.418" classname="googleDemo.tests.ImagePageTest"/>
</testsuite> <!-- googleDemo.tests.ImagePageTest -->
