<?xml version="1.0" encoding="UTF-8"?>
<!-- Generated by org.testng.reporters.JUnitReportReporter -->
<testsuite skipped="1" hostname="Gaurav-PC" name="googleDemo.tests.ImagePageTest" tests="1" failures="0" timestamp="09 Sep 2018 16:01:08 GMT" time="0.000" errors="0">
  <testcase name="validateImagePage" time="0.000" classname="googleDemo.tests.ImagePageTest">
    <skipped/>
  </testcase> <!-- validateImagePage -->
</testsuite> <!-- googleDemo.tests.ImagePageTest -->
